{
  "stats": {
    "suites": 153,
    "tests": 168,
    "passes": 168,
    "pending": 0,
    "failures": 0,
    "start": "2015-12-24T15:40:40.130Z",
    "end": "2015-12-24T15:40:42.481Z"
  },
  "coverage": {
    "total": {
      "statementsTotal": 836,
      "statementsCovered": 249,
      "percentage": 29.78
    },
    "files": [
      {
        "name": "art-day/helpers/last-item",
        "statementsTotal": 8,
        "statementsCovered": 8,
        "percentage": 100
      },
      {
        "name": "art-day/mixins/admin-controller-hooks",
        "statementsTotal": 3,
        "statementsCovered": 3,
        "percentage": 100
      },
      {
        "name": "art-day/mixins/image-path",
        "statementsTotal": 8,
        "statementsCovered": 8,
        "percentage": 100
      },
      {
        "name": "art-day/mixins/student-schedule",
        "statementsTotal": 18,
        "statementsCovered": 18,
        "percentage": 100
      },
      {
        "name": "art-day/utils/enrollment-mesh",
        "statementsTotal": 160,
        "statementsCovered": 4,
        "percentage": 2.5
      },
      {
        "name": "art-day/router",
        "statementsTotal": 16,
        "statementsCovered": 4,
        "percentage": 25
      },
      {
        "name": "art-day/pods/components/admin-only/component",
        "statementsTotal": 3,
        "statementsCovered": 3,
        "percentage": 100
      },
      {
        "name": "art-day/pods/components/app-nav-bar/component",
        "statementsTotal": 3,
        "statementsCovered": 3,
        "percentage": 100
      },
      {
        "name": "art-day/pods/components/fb-widget/component",
        "statementsTotal": 4,
        "statementsCovered": 4,
        "percentage": 100
      },
      {
        "name": "art-day/pods/components/image-uploader/component",
        "statementsTotal": 10,
        "statementsCovered": 3,
        "percentage": 30
      },
      {
        "name": "art-day/pods/components/index-mosaic/component",
        "statementsTotal": 3,
        "statementsCovered": 3,
        "percentage": 100
      },
      {
        "name": "art-day/pods/components/pref-tile/component",
        "statementsTotal": 6,
        "statementsCovered": 5,
        "percentage": 83.33
      },
      {
        "name": "art-day/components/draggable-object-target",
        "statementsTotal": 3,
        "statementsCovered": 3,
        "percentage": 100
      },
      {
        "name": "art-day/pods/components/session-tile-draggable/component",
        "statementsTotal": 8,
        "statementsCovered": 5,
        "percentage": 62.5
      },
      {
        "name": "art-day/components/draggable-object",
        "statementsTotal": 3,
        "statementsCovered": 3,
        "percentage": 100
      },
      {
        "name": "art-day/pods/components/session-tile/component",
        "statementsTotal": 4,
        "statementsCovered": 4,
        "percentage": 100
      },
      {
        "name": "art-day/pods/components/roster-period/component",
        "statementsTotal": 4,
        "statementsCovered": 3,
        "percentage": 75
      },
      {
        "name": "art-day/pods/components/session-form/component",
        "statementsTotal": 13,
        "statementsCovered": 5,
        "percentage": 38.46
      },
      {
        "name": "art-day/pods/components/student-preferences-row/component",
        "statementsTotal": 5,
        "statementsCovered": 4,
        "percentage": 80
      },
      {
        "name": "art-day/pods/components/admin-instructions/component",
        "statementsTotal": 3,
        "statementsCovered": 3,
        "percentage": 100
      },
      {
        "name": "art-day/controllers/admin/overview/enrollment",
        "statementsTotal": 5,
        "statementsCovered": 3,
        "percentage": 60
      },
      {
        "name": "art-day/controllers/admin/overview/sessions",
        "statementsTotal": 16,
        "statementsCovered": 3,
        "percentage": 18.75
      },
      {
        "name": "art-day/controllers/admin/overview/students",
        "statementsTotal": 61,
        "statementsCovered": 3,
        "percentage": 4.92
      },
      {
        "name": "art-day/controllers/admin/overview",
        "statementsTotal": 3,
        "statementsCovered": 3,
        "percentage": 100
      },
      {
        "name": "art-day/controllers/admin/sessions/edit",
        "statementsTotal": 11,
        "statementsCovered": 3,
        "percentage": 27.27
      },
      {
        "name": "art-day/controllers/admin/sessions",
        "statementsTotal": 30,
        "statementsCovered": 3,
        "percentage": 10
      },
      {
        "name": "art-day/controllers/application",
        "statementsTotal": 15,
        "statementsCovered": 3,
        "percentage": 20
      },
      {
        "name": "art-day/controllers/student",
        "statementsTotal": 84,
        "statementsCovered": 6,
        "percentage": 7.14
      },
      {
        "name": "art-day/models/enrollment",
        "statementsTotal": 4,
        "statementsCovered": 3,
        "percentage": 75
      },
      {
        "name": "art-day/models/preference",
        "statementsTotal": 4,
        "statementsCovered": 3,
        "percentage": 75
      },
      {
        "name": "art-day/models/student",
        "statementsTotal": 4,
        "statementsCovered": 3,
        "percentage": 75
      },
      {
        "name": "art-day/controllers/students",
        "statementsTotal": 14,
        "statementsCovered": 14,
        "percentage": 100
      },
      {
        "name": "art-day/models/session",
        "statementsTotal": 4,
        "statementsCovered": 3,
        "percentage": 75
      },
      {
        "name": "art-day/routes/application",
        "statementsTotal": 4,
        "statementsCovered": 3,
        "percentage": 75
      },
      {
        "name": "art-day/routes/students",
        "statementsTotal": 10,
        "statementsCovered": 3,
        "percentage": 30
      },
      {
        "name": "art-day/serializers/enrollment",
        "statementsTotal": 4,
        "statementsCovered": 4,
        "percentage": 100
      },
      {
        "name": "art-day/adapters/application",
        "statementsTotal": 4,
        "statementsCovered": 3,
        "percentage": 75
      },
      {
        "name": "art-day/app",
        "statementsTotal": 6,
        "statementsCovered": 6,
        "percentage": 100
      },
      {
        "name": "art-day/models/coordinator",
        "statementsTotal": 14,
        "statementsCovered": 3,
        "percentage": 21.43
      },
      {
        "name": "art-day/models/obj-hash",
        "statementsTotal": 19,
        "statementsCovered": 3,
        "percentage": 15.79
      },
      {
        "name": "art-day/components/object-bin",
        "statementsTotal": 3,
        "statementsCovered": 3,
        "percentage": 100
      },
      {
        "name": "art-day/controllers/admin/sessions/add",
        "statementsTotal": 17,
        "statementsCovered": 3,
        "percentage": 17.65
      },
      {
        "name": "art-day/controllers/admin/sessions/session",
        "statementsTotal": 38,
        "statementsCovered": 3,
        "percentage": 7.89
      },
      {
        "name": "art-day/controllers/admin/students",
        "statementsTotal": 12,
        "statementsCovered": 3,
        "percentage": 25
      },
      {
        "name": "art-day/controllers/admin",
        "statementsTotal": 42,
        "statementsCovered": 3,
        "percentage": 7.14
      },
      {
        "name": "art-day/helpers/log",
        "statementsTotal": 3,
        "statementsCovered": 3,
        "percentage": 100
      },
      {
        "name": "art-day/pods/components/enrollment-helper/component",
        "statementsTotal": 4,
        "statementsCovered": 3,
        "percentage": 75
      },
      {
        "name": "art-day/pods/components/fb-login/component",
        "statementsTotal": 4,
        "statementsCovered": 3,
        "percentage": 75
      },
      {
        "name": "art-day/pods/components/import-helper/component",
        "statementsTotal": 15,
        "statementsCovered": 3,
        "percentage": 20
      },
      {
        "name": "art-day/pods/components/roster-session/component",
        "statementsTotal": 3,
        "statementsCovered": 3,
        "percentage": 100
      },
      {
        "name": "art-day/pods/components/rosters-print-all/component",
        "statementsTotal": 3,
        "statementsCovered": 3,
        "percentage": 100
      },
      {
        "name": "art-day/pods/components/schedule-display/component",
        "statementsTotal": 3,
        "statementsCovered": 3,
        "percentage": 100
      },
      {
        "name": "art-day/pods/components/session-pane/component",
        "statementsTotal": 8,
        "statementsCovered": 3,
        "percentage": 37.5
      },
      {
        "name": "art-day/pods/components/sessions-metrics/component",
        "statementsTotal": 3,
        "statementsCovered": 3,
        "percentage": 100
      },
      {
        "name": "art-day/pods/components/student-available-sessions-mosaic/component",
        "statementsTotal": 5,
        "statementsCovered": 3,
        "percentage": 60
      },
      {
        "name": "art-day/pods/components/student-enrollments/component",
        "statementsTotal": 5,
        "statementsCovered": 3,
        "percentage": 60
      },
      {
        "name": "art-day/pods/components/student-header/component",
        "statementsTotal": 14,
        "statementsCovered": 3,
        "percentage": 21.43
      },
      {
        "name": "art-day/pods/components/student-print-schedule/component",
        "statementsTotal": 11,
        "statementsCovered": 3,
        "percentage": 27.27
      },
      {
        "name": "art-day/pods/components/student-selector/component",
        "statementsTotal": 10,
        "statementsCovered": 3,
        "percentage": 30
      },
      {
        "name": "art-day/pods/components/students-metrics/component",
        "statementsTotal": 3,
        "statementsCovered": 3,
        "percentage": 100
      },
      {
        "name": "art-day/routes/admin/sessions/add",
        "statementsTotal": 4,
        "statementsCovered": 3,
        "percentage": 75
      },
      {
        "name": "art-day/routes/admin/sessions/session",
        "statementsTotal": 4,
        "statementsCovered": 3,
        "percentage": 75
      },
      {
        "name": "art-day/routes/admin",
        "statementsTotal": 13,
        "statementsCovered": 3,
        "percentage": 23.08
      },
      {
        "name": "art-day/routes/student",
        "statementsTotal": 4,
        "statementsCovered": 3,
        "percentage": 75
      },
      {
        "name": "art-day/serializers/preference",
        "statementsTotal": 4,
        "statementsCovered": 3,
        "percentage": 75
      }
    ]
  }
}